<?xml version="1.0" encoding="UTF-8"?>
<!-- Generated by org.testng.reporters.JUnitXMLReporter -->
<testsuite ignored="0" hostname="DESKTOP-I2Q0NO0" failures="0" tests="5" name="Default test" time="3.148" errors="0" timestamp="2022-02-17T15:21:24 EET">
  <testcase classname="tests.LoginTest" name="Login_To_Website_Using_Valid_Data" time="0.726"/>
  <testcase classname="tests.LoginTest" name="Sort_lowest_price" time="0.487"/>
  <testcase classname="tests.LoginTest" name="Adding_product_to_cart_and_open_the_cart" time="0.182"/>
  <testcase classname="tests.LoginTest" name="Add_required_data_in_your_information_screen" time="1.407"/>
  <testcase classname="tests.LoginTest" name="Complete_checkout_process" time="0.187"/>
</testsuite> <!-- Default test -->
