<?xml version="1.0" encoding="UTF-8"?>
<!-- Generated by org.testng.reporters.JUnitXMLReporter -->
<testsuite ignored="0" hostname="LAPTOP-M5H01P5S" failures="0" tests="5" name="Regression" time="0.596" errors="0" timestamp="2022-02-17T19:51:18 EET">
  <testcase classname="tests.ProcessCheckoutTest" name="Login_To_Website_Using_Valid_Data" time="0.165"/>
  <testcase classname="tests.ProcessCheckoutTest" name="Sort_lowest_price" time="0.063"/>
  <testcase classname="tests.ProcessCheckoutTest" name="Adding_product_to_cart_and_open_the_cart" time="0.069"/>
  <testcase classname="tests.ProcessCheckoutTest" name="Add_required_data_in_your_information_screen" time="0.208"/>
  <testcase classname="tests.ProcessCheckoutTest" name="Complete_checkout_process" time="0.051"/>
</testsuite> <!-- Regression -->
